1	N	48
1	J	49
0	J	49
1	R	49
2	N	49
2	J	50
1	W	50
2	R	50
3	N	65
3	J	65
2	J	65
3	R	65
3	W	69
2	R	69
1	J	75
2	E	75
1	R	75
4	N	75
4	J	75
1	W	76
4	R	76
5	N	92
5	J	92
4	W	92
5	R	93
6	N	95
6	J	95
7	N	96
7	J	96
8	N	96
8	J	96
9	N	97
9	J	97
10	N	98
10	J	98
5	W	98
10	R	98
10	J	113
9	R	113
9	J	128
8	R	128
8	J	143
7	R	143
7	J	158
6	R	158
6	J	173
10	R	173
10	J	188
9	R	188
9	J	203
8	R	203
8	J	218
7	R	218
7	J	233
6	R	233
6	J	248
10	R	248
10	J	263
9	R	263
9	J	278
8	R	278
8	J	293
7	R	293
7	J	308
6	R	308
6	J	323
10	R	323
10	J	338
9	R	338
9	J	353
8	R	353
8	J	368
7	R	368
7	J	383
6	R	383
6	J	398
10	R	398
10	J	413
9	R	413
9	J	428
8	R	428
8	J	443
7	R	443
7	J	458
6	R	458
6	J	473
10	R	473
10	J	488
9	R	488
9	J	503
8	R	503
8	J	518
7	R	518
7	J	533
6	R	533
6	J	548
10	R	548
10	J	563
9	R	563
9	J	578
8	R	578
8	J	593
7	R	593
7	J	608
6	R	608
6	J	623
10	R	623
10	J	638
9	R	638
9	J	653
8	R	653
8	J	668
7	R	668
7	J	683
6	R	683
6	J	698
10	R	698
10	J	713
9	R	713
9	J	728
8	R	728
8	J	743
7	R	743
7	J	758
6	R	758
6	J	773
10	R	773
10	J	788
9	R	788
9	J	803
8	R	803
8	J	818
7	R	818
7	J	833
6	R	833
6	J	848
10	R	848
10	J	863
9	R	863
9	J	878
8	R	878
8	J	893
7	R	893
7	J	908
6	R	908
6	J	923
10	R	923
10	J	938
9	R	938
9	J	953
8	R	953
8	J	968
7	R	968
7	J	983
6	R	983
6	J	998
10	R	998
10	J	1013
9	R	1013
9	J	1028
8	R	1028
8	J	1043
7	R	1043
7	J	1058
6	R	1058
6	J	1073
10	R	1073
10	J	1088
9	R	1088
9	J	1103
8	R	1103
8	J	1118
7	R	1118
7	J	1133
6	R	1133
6	J	1148
10	R	1148
10	J	1163
9	R	1163
9	J	1178
8	R	1178
8	J	1193
7	R	1193
7	J	1208
6	R	1208
6	J	1223
10	R	1223
10	J	1238
9	R	1238
9	J	1253
8	R	1253
8	J	1268
7	R	1268
7	J	1283
6	R	1283
6	J	1298
10	R	1298
10	J	1313
9	R	1313
9	J	1328
8	R	1328
8	J	1343
7	R	1343
7	J	1358
6	R	1358
6	J	1373
10	R	1373
10	J	1388
9	R	1388
9	J	1403
8	R	1403
8	J	1418
7	R	1418
7	J	1433
6	R	1433
6	J	1448
10	R	1448
10	J	1463
9	R	1463
9	J	1478
8	R	1478
8	J	1493
7	R	1493
7	J	1508
6	R	1508
6	J	1523
10	R	1523
10	J	1538
9	R	1538
9	J	1553
8	R	1553
8	J	1568
7	R	1568
7	J	1583
6	R	1583
6	J	1598
10	R	1598
10	J	1613
9	R	1613
9	J	1628
8	R	1628
8	J	1643
7	R	1643
7	J	1658
6	R	1658
6	J	1673
10	R	1673
10	J	1688
9	R	1688
9	J	1703
8	R	1703
8	J	1718
7	R	1718
7	J	1733
6	R	1733
6	J	1748
10	R	1748
10	J	1763
9	R	1763
9	J	1778
8	R	1778
8	J	1793
7	R	1793
7	J	1808
6	R	1808
6	J	1823
10	R	1823
10	J	1838
9	R	1838
9	J	1853
8	R	1853
8	J	1868
7	R	1868
7	J	1883
6	R	1883
6	J	1898
10	R	1898
10	J	1913
9	R	1913
9	J	1928
8	R	1928
8	J	1943
7	R	1943
7	J	1958
6	R	1958
6	J	1973
10	R	1973
10	J	1988
9	R	1988
9	J	2003
8	R	2003
8	J	2018
7	R	2018
7	J	2033
6	R	2033
6	J	2048
10	R	2048
10	W	2059
9	R	2059
9	W	2069
8	R	2069
8	W	2079
7	R	2079
7	W	2089
6	R	2089
6	W	2099
0	R	2099
0	W	2099
10	J	2160
10	R	2160
10	W	2160
0	R	2160
9	J	2170
9	R	2170
9	W	2170
0	R	2170
8	J	2180
8	R	2180
8	W	2180
0	R	2180
7	J	2190
7	R	2190
7	W	2190
0	R	2190
6	J	2200
6	R	2200
6	W	2200
0	R	2200
10	J	2261
10	R	2261
9	J	2280
10	J	2280
9	R	2280
8	J	2297
7	J	2297
9	J	2297
8	R	2297
6	J	2314
8	J	2314
7	R	2314
7	J	2331
6	R	2331
6	J	2348
10	R	2348
10	J	2363
9	R	2363
9	J	2378
8	R	2378
8	J	2393
7	R	2393
7	J	2408
6	R	2408
6	J	2423
10	R	2423
10	J	2438
9	R	2438
9	J	2453
8	R	2453
8	J	2468
7	R	2468
7	J	2483
6	R	2483
6	J	2498
10	R	2498
10	J	2513
9	R	2513
9	J	2528
8	R	2528
8	J	2543
7	R	2543
7	J	2558
6	R	2558
6	J	2573
10	R	2573
10	J	2588
9	R	2588
9	J	2603
8	R	2603
8	J	2618
7	R	2618
7	J	2633
6	R	2633
6	J	2648
10	R	2648
10	J	2663
9	R	2663
9	J	2678
8	R	2678
8	J	2693
7	R	2693
7	J	2708
6	R	2708
6	J	2723
10	R	2723
10	J	2738
9	R	2738
9	J	2753
8	R	2753
8	J	2768
7	R	2768
7	J	2783
6	R	2783
6	J	2798
10	R	2798
10	J	2813
9	R	2813
9	J	2828
8	R	2828
8	J	2843
7	R	2843
7	J	2858
6	R	2858
6	J	2873
10	R	2873
10	J	2888
9	R	2888
9	J	2903
8	R	2903
8	J	2918
7	R	2918
7	J	2933
6	R	2933
6	J	2948
10	R	2948
10	J	2963
9	R	2963
9	J	2978
8	R	2978
8	J	2993
7	R	2993
7	J	3008
6	R	3008
6	J	3023
10	R	3023
10	J	3038
9	R	3038
9	J	3053
8	R	3053
3	J	3068
8	J	3068
3	R	3068
3	W	3068
7	R	3068
7	J	3083
6	R	3083
6	J	3098
10	R	3098
10	J	3113
9	R	3113
9	J	3128
8	R	3128
8	J	3143
7	R	3143
7	J	3158
6	R	3158
6	J	3173
10	R	3173
10	J	3188
9	R	3188
9	J	3203
8	R	3203
8	J	3218
7	R	3218
7	J	3233
6	R	3233
6	J	3248
10	R	3248
10	J	3263
9	R	3263
9	J	3278
8	R	3278
8	J	3293
7	R	3293
7	J	3308
6	R	3308
6	J	3323
10	R	3323
10	J	3338
9	R	3338
9	J	3353
8	R	3353
8	J	3368
7	R	3368
7	J	3383
6	R	3383
6	J	3398
10	R	3398
10	J	3413
9	R	3413
9	J	3428
8	R	3428
8	J	3443
7	R	3443
7	J	3458
6	R	3458
6	J	3473
10	R	3473
10	J	3488
9	R	3488
9	J	3503
8	R	3503
8	J	3518
7	R	3518
7	J	3533
6	R	3533
6	J	3548
10	R	3548
10	J	3563
9	R	3563
9	J	3578
8	R	3578
8	J	3593
7	R	3593
7	J	3608
6	R	3608
6	J	3623
10	R	3623
10	J	3638
9	R	3638
9	J	3653
8	R	3653
8	J	3668
7	R	3668
7	J	3683
6	R	3683
6	J	3698
10	R	3698
10	J	3713
9	R	3713
9	J	3728
8	R	3728
8	J	3743
7	R	3743
7	J	3758
6	R	3758
6	J	3773
10	R	3773
10	J	3788
9	R	3788
9	J	3803
8	R	3803
8	J	3818
7	R	3818
7	J	3833
6	R	3833
6	J	3848
10	R	3848
10	J	3863
9	R	3863
9	J	3878
8	R	3878
8	J	3893
7	R	3893
7	J	3908
6	R	3908
6	J	3923
10	R	3923
10	J	3938
9	R	3938
9	J	3953
8	R	3953
8	J	3968
7	R	3968
7	J	3983
6	R	3983
6	J	3998
10	R	3998
10	J	4013
9	R	4013
9	J	4028
8	R	4028
8	J	4043
7	R	4043
7	J	4058
6	R	4058
6	J	4073
10	R	4073
10	J	4088
9	R	4088
9	J	4103
8	R	4103
8	J	4118
7	R	4118
7	J	4133
6	R	4133
6	J	4148
10	R	4148
10	J	4163
9	R	4163
9	J	4178
8	R	4178
8	J	4193
7	R	4193
7	J	4208
6	R	4208
6	J	4223
10	R	4223
10	W	4229
9	R	4229
9	W	4237
8	R	4237
8	W	4245
7	R	4245
7	W	4253
6	R	4253
6	W	4261
0	R	4261
10	J	4330
10	R	4330
10	W	4330
0	R	4330
9	J	4338
9	R	4338
9	W	4338
0	R	4338
8	J	4346
8	R	4346
8	W	4346
0	R	4346
7	J	4354
7	R	4354
7	W	4354
0	R	4354
6	J	4362
6	R	4362
6	W	4362
0	R	4362
10	J	4431
10	R	4431
5	J	4431
10	E	4431
5	R	4431
5	W	4432
0	R	4432
9	J	4439
9	R	4439
5	J	4439
9	E	4439
5	R	4440
5	W	4440
0	R	4440
8	J	4447
8	R	4447
5	J	4447
8	E	4447
5	R	4447
5	W	4448
0	R	4448
7	J	4455
7	R	4455
5	J	4455
7	E	4455
5	R	4455
5	W	4456
0	R	4456
6	J	4463
6	R	4463
5	J	4463
6	E	4463
5	R	4463
4	J	4464
5	E	4464
4	R	4464
11	N	4468
11	J	4468
4	W	4468
11	R	4468
4	J	4470
11	E	4471
4	R	4471
12	N	4479
12	J	4479
4	W	4479
12	R	4479
